c:\users\kougousei\documents\visual studio 2010\projects\arap_deformer\arap_deformer\debug\main.obj
c:\users\kougousei\documents\visual studio 2010\projects\arap_deformer\arap_deformer\debug\vc100.pdb
c:\users\kougousei\documents\visual studio 2010\projects\arap_deformer\arap_deformer\debug\glm.obj
c:\users\kougousei\documents\visual studio 2010\projects\arap_deformer\arap_deformer\debug\mtxlib.obj
c:\users\kougousei\documents\visual studio 2010\projects\arap_deformer\arap_deformer\debug\trackball.obj
c:\users\kougousei\documents\visual studio 2010\projects\arap_deformer\debug\arap_deformer.ilk
c:\users\kougousei\documents\visual studio 2010\projects\arap_deformer\debug\arap_deformer.exe
c:\users\kougousei\documents\visual studio 2010\projects\arap_deformer\arap_deformer\debug\arap_deformer.exe.intermediate.manifest
c:\users\kougousei\documents\visual studio 2010\projects\arap_deformer\debug\arap_deformer.pdb
c:\users\kougousei\documents\visual studio 2010\projects\arap_deformer\arap_deformer\debug\arap_deformer.exe.embed.manifest
c:\users\kougousei\documents\visual studio 2010\projects\arap_deformer\arap_deformer\debug\arap_deformer.exe.embed.manifest.res
c:\users\ec131b\desktop\yu\互動式行變\finalpj\final project\arap_deformer\arap_deformer\debug\vc120.pdb
c:\users\ec131b\desktop\yu\互動式行變\finalpj\final project\arap_deformer\arap_deformer\debug\vc120.idb
c:\users\ec131b\desktop\yu\互動式行變\finalpj\final project\arap_deformer\arap_deformer\debug\glm.obj
c:\users\ec131b\desktop\yu\互動式行變\finalpj\final project\arap_deformer\arap_deformer\debug\main.obj
c:\users\ec131b\desktop\yu\互動式行變\finalpj\final project\arap_deformer\arap_deformer\debug\mtxlib.obj
c:\users\ec131b\desktop\yu\互動式行變\finalpj\final project\arap_deformer\arap_deformer\debug\trackball.obj
c:\users\ec131b\desktop\yu\互動式行變\finalpj\final project\arap_deformer\arap_deformer\debug\laplacian_deformation.obj
c:\users\ec131b\desktop\yu\互動式行變\finalpj\final project\arap_deformer\debug\arap_deformer.ilk
c:\users\ec131b\desktop\yu\互動式行變\finalpj\final project\arap_deformer\debug\arap_deformer.exe
c:\users\ec131b\desktop\yu\互動式行變\finalpj\final project\arap_deformer\debug\arap_deformer.pdb
c:\users\ec131b\desktop\yu\互動式行變\finalpj\final project\arap_deformer\arap_deformer\debug\cl.command.1.tlog
c:\users\ec131b\desktop\yu\互動式行變\finalpj\final project\arap_deformer\arap_deformer\debug\cl.read.1.tlog
c:\users\ec131b\desktop\yu\互動式行變\finalpj\final project\arap_deformer\arap_deformer\debug\cl.write.1.tlog
c:\users\ec131b\desktop\yu\互動式行變\finalpj\final project\arap_deformer\arap_deformer\debug\link-cvtres.read.1.tlog
c:\users\ec131b\desktop\yu\互動式行變\finalpj\final project\arap_deformer\arap_deformer\debug\link-cvtres.write.1.tlog
c:\users\ec131b\desktop\yu\互動式行變\finalpj\final project\arap_deformer\arap_deformer\debug\link.2244-cvtres.read.1.tlog
c:\users\ec131b\desktop\yu\互動式行變\finalpj\final project\arap_deformer\arap_deformer\debug\link.2244-cvtres.write.1.tlog
c:\users\ec131b\desktop\yu\互動式行變\finalpj\final project\arap_deformer\arap_deformer\debug\link.2244.read.1.tlog
c:\users\ec131b\desktop\yu\互動式行變\finalpj\final project\arap_deformer\arap_deformer\debug\link.2244.write.1.tlog
c:\users\ec131b\desktop\yu\互動式行變\finalpj\final project\arap_deformer\arap_deformer\debug\link.3184-cvtres.read.1.tlog
c:\users\ec131b\desktop\yu\互動式行變\finalpj\final project\arap_deformer\arap_deformer\debug\link.3184-cvtres.write.1.tlog
c:\users\ec131b\desktop\yu\互動式行變\finalpj\final project\arap_deformer\arap_deformer\debug\link.3184.read.1.tlog
c:\users\ec131b\desktop\yu\互動式行變\finalpj\final project\arap_deformer\arap_deformer\debug\link.3184.write.1.tlog
c:\users\ec131b\desktop\yu\互動式行變\finalpj\final project\arap_deformer\arap_deformer\debug\link.3720-cvtres.read.1.tlog
c:\users\ec131b\desktop\yu\互動式行變\finalpj\final project\arap_deformer\arap_deformer\debug\link.3720-cvtres.write.1.tlog
c:\users\ec131b\desktop\yu\互動式行變\finalpj\final project\arap_deformer\arap_deformer\debug\link.3720.read.1.tlog
c:\users\ec131b\desktop\yu\互動式行變\finalpj\final project\arap_deformer\arap_deformer\debug\link.3720.write.1.tlog
c:\users\ec131b\desktop\yu\互動式行變\finalpj\final project\arap_deformer\arap_deformer\debug\link.5224-cvtres.read.1.tlog
c:\users\ec131b\desktop\yu\互動式行變\finalpj\final project\arap_deformer\arap_deformer\debug\link.5224-cvtres.write.1.tlog
c:\users\ec131b\desktop\yu\互動式行變\finalpj\final project\arap_deformer\arap_deformer\debug\link.5224.read.1.tlog
c:\users\ec131b\desktop\yu\互動式行變\finalpj\final project\arap_deformer\arap_deformer\debug\link.5224.write.1.tlog
c:\users\ec131b\desktop\yu\互動式行變\finalpj\final project\arap_deformer\arap_deformer\debug\link.5320-cvtres.read.1.tlog
c:\users\ec131b\desktop\yu\互動式行變\finalpj\final project\arap_deformer\arap_deformer\debug\link.5320-cvtres.write.1.tlog
c:\users\ec131b\desktop\yu\互動式行變\finalpj\final project\arap_deformer\arap_deformer\debug\link.5320.read.1.tlog
c:\users\ec131b\desktop\yu\互動式行變\finalpj\final project\arap_deformer\arap_deformer\debug\link.5320.write.1.tlog
c:\users\ec131b\desktop\yu\互動式行變\finalpj\final project\arap_deformer\arap_deformer\debug\link.6528-cvtres.read.1.tlog
c:\users\ec131b\desktop\yu\互動式行變\finalpj\final project\arap_deformer\arap_deformer\debug\link.6528-cvtres.write.1.tlog
c:\users\ec131b\desktop\yu\互動式行變\finalpj\final project\arap_deformer\arap_deformer\debug\link.6528.read.1.tlog
c:\users\ec131b\desktop\yu\互動式行變\finalpj\final project\arap_deformer\arap_deformer\debug\link.6528.write.1.tlog
c:\users\ec131b\desktop\yu\互動式行變\finalpj\final project\arap_deformer\arap_deformer\debug\link.6628-cvtres.read.1.tlog
c:\users\ec131b\desktop\yu\互動式行變\finalpj\final project\arap_deformer\arap_deformer\debug\link.6628-cvtres.write.1.tlog
c:\users\ec131b\desktop\yu\互動式行變\finalpj\final project\arap_deformer\arap_deformer\debug\link.6628.read.1.tlog
c:\users\ec131b\desktop\yu\互動式行變\finalpj\final project\arap_deformer\arap_deformer\debug\link.6628.write.1.tlog
c:\users\ec131b\desktop\yu\互動式行變\finalpj\final project\arap_deformer\arap_deformer\debug\link.command.1.tlog
c:\users\ec131b\desktop\yu\互動式行變\finalpj\final project\arap_deformer\arap_deformer\debug\link.read.1.tlog
c:\users\ec131b\desktop\yu\互動式行變\finalpj\final project\arap_deformer\arap_deformer\debug\link.write.1.tlog
c:\users\ec131b\desktop\yu\互動式行變\finalpj\final project\arap_deformer\arap_deformer\debug\mt.command.1.tlog
c:\users\ec131b\desktop\yu\互動式行變\finalpj\final project\arap_deformer\arap_deformer\debug\mt.read.1.tlog
c:\users\ec131b\desktop\yu\互動式行變\finalpj\final project\arap_deformer\arap_deformer\debug\mt.write.1.tlog
c:\users\ec131b\desktop\yu\互動式行變\finalpj\final project\arap_deformer\arap_deformer\debug\rc.command.1.tlog
c:\users\ec131b\desktop\yu\互動式行變\finalpj\final project\arap_deformer\arap_deformer\debug\rc.read.1.tlog
c:\users\ec131b\desktop\yu\互動式行變\finalpj\final project\arap_deformer\arap_deformer\debug\rc.write.1.tlog
c:\users\ec131b\desktop\yu\互動式行變\finalpj\final project\arap_deformer\arap_deformer\debug\arap_deformer.exe.embed.manifest
c:\users\ec131b\desktop\yu\互動式行變\finalpj\final project\arap_deformer\arap_deformer\debug\arap_deformer.exe.intermediate.manifest
c:\users\ec131b\desktop\yu\互動式行變\finalpj\final project\arap_deformer\arap_deformer\debug\arap_deformer.exe.embed.manifest.res
c:\users\ec131b\desktop\yu\互動式行變\finalpj\final project\arap_deformer\arap_deformer\debug\vc100.idb
c:\users\ec131b\desktop\yu\互動式行變\finalpj\final project\arap_deformer\arap_deformer\debug\vc100.pdb
c:\users\ec131b\desktop\yu\互動式行變\finalpj\final project\arap_deformer\arap_deformer\debug\arap_deformer_manifest.rc
c:\users\ec131b\desktop\yu\互動式行變\finalpj\final project\arap_deformer\arap_deformer\debug\arap_deformer.tlog\cl.command.1.tlog
c:\users\ec131b\desktop\yu\互動式行變\finalpj\final project\arap_deformer\arap_deformer\debug\arap_deformer.tlog\cl.read.1.tlog
c:\users\ec131b\desktop\yu\互動式行變\finalpj\final project\arap_deformer\arap_deformer\debug\arap_deformer.tlog\cl.write.1.tlog
c:\users\ec131b\desktop\yu\互動式行變\finalpj\final project\arap_deformer\arap_deformer\debug\arap_deformer.tlog\link.command.1.tlog
c:\users\ec131b\desktop\yu\互動式行變\finalpj\final project\arap_deformer\arap_deformer\debug\arap_deformer.tlog\link.read.1.tlog
c:\users\ec131b\desktop\yu\互動式行變\finalpj\final project\arap_deformer\arap_deformer\debug\arap_deformer.tlog\link.write.1.tlog
